<?xml version="1.0" encoding="UTF-8"?>
<!-- Generated by org.testng.reporters.JUnitXMLReporter -->
<testsuite hostname="LAPTOP-RB177F2V" ignored="0" name="Default test" tests="3" failures="0" timestamp="20 Dec 2018 07:37:00 GMT" time="0.084" errors="0">
  <testcase name="testfour" time="0.026" classname="seleniumdemo.BatchFileThree$SkipTestCase"/>
  <testcase name="testone" time="0.0" classname="seleniumdemo.BatchFileThree$SkipTestCase"/>
  <testcase name="testtwo" time="0.0" classname="seleniumdemo.BatchFileThree$SkipTestCase">
    <skipped/>
  </testcase> <!-- testtwo -->
</testsuite> <!-- Default test -->
